c:\users\k020j1172\desktop\就職作品用ゲーム\intelligenceshooting\enjin\x64\debug\vc143.pdb
c:\users\k020j1172\desktop\就職作品用ゲーム\intelligenceshooting\enjin\x64\debug\vc143.idb
c:\users\k020j1172\desktop\就職作品用ゲーム\intelligenceshooting\enjin\x64\debug\normalenemy.obj
c:\users\k020j1172\desktop\就職作品用ゲーム\intelligenceshooting\enjin\x64\debug\main.obj
c:\users\k020j1172\desktop\就職作品用ゲーム\intelligenceshooting\enjin\x64\debug\mouse.obj
c:\users\k020j1172\desktop\就職作品用ゲーム\intelligenceshooting\enjin\x64\debug\input.obj
c:\users\k020j1172\desktop\就職作品用ゲーム\intelligenceshooting\enjin\x64\debug\gamemanager.obj
c:\users\k020j1172\desktop\就職作品用ゲーム\intelligenceshooting\enjin\x64\debug\enemybullet.obj
c:\users\k020j1172\desktop\就職作品用ゲーム\intelligenceshooting\enjin\x64\debug\enemybarrage.obj
c:\users\k020j1172\desktop\就職作品用ゲーム\intelligenceshooting\enjin\x64\debug\collision.obj
c:\users\k020j1172\desktop\就職作品用ゲーム\intelligenceshooting\enjin\x64\debug\winapp.obj
c:\users\k020j1172\desktop\就職作品用ゲーム\intelligenceshooting\enjin\x64\debug\directxcommon.obj
c:\users\k020j1172\desktop\就職作品用ゲーム\intelligenceshooting\enjin\x64\debug\audio.obj
c:\users\k020j1172\desktop\就職作品用ゲーム\intelligenceshooting\enjin\x64\debug\object3d.obj
c:\users\k020j1172\desktop\就職作品用ゲーム\intelligenceshooting\enjin\x64\debug\model.obj
c:\users\k020j1172\desktop\就職作品用ゲーム\intelligenceshooting\enjin\x64\debug\mesh.obj
c:\users\k020j1172\desktop\就職作品用ゲーム\intelligenceshooting\enjin\x64\debug\material.obj
c:\users\k020j1172\desktop\就職作品用ゲーム\intelligenceshooting\enjin\x64\debug\sprite.obj
c:\users\k020j1172\desktop\就職作品用ゲーム\intelligenceshooting\enjin\x64\debug\debugtext.obj
c:\users\k020j1172\desktop\就職作品用ゲーム\intelligenceshooting\enjin\x64\debug\gamescene.obj
c:\users\k020j1172\desktop\就職作品用ゲーム\intelligenceshooting\enjin\x64\debug\player.obj
c:\users\k020j1172\desktop\就職作品用ゲーム\intelligenceshooting\enjin\x64\debug\enemy.obj
c:\users\k020j1172\desktop\就職作品用ゲーム\intelligenceshooting\enjin\x64\debug\star.obj
c:\users\k020j1172\desktop\就職作品用ゲーム\intelligenceshooting\enjin\x64\debug\rocket.obj
c:\users\k020j1172\desktop\就職作品用ゲーム\intelligenceshooting\enjin\x64\debug\rock.obj
c:\users\k020j1172\desktop\就職作品用ゲーム\intelligenceshooting\enjin\x64\debug\playerbullet.obj
c:\users\k020j1172\desktop\就職作品用ゲーム\intelligenceshooting\enjin\x64\debug\optionkey.obj
c:\users\k020j1172\desktop\就職作品用ゲーム\intelligenceshooting\enjin\x64\debug\basicps.cso
c:\users\k020j1172\desktop\就職作品用ゲーム\intelligenceshooting\enjin\x64\debug\basicvs.cso
c:\users\k020j1172\desktop\就職作品用ゲーム\intelligenceshooting\enjin\x64\debug\objpixelshader.cso
c:\users\k020j1172\desktop\就職作品用ゲーム\intelligenceshooting\enjin\x64\debug\objvertexshader.cso
c:\users\k020j1172\desktop\就職作品用ゲーム\intelligenceshooting\enjin\x64\debug\spriteps.cso
c:\users\k020j1172\desktop\就職作品用ゲーム\intelligenceshooting\enjin\x64\debug\spritevs.cso
c:\users\k020j1172\desktop\就職作品用ゲーム\intelligenceshooting\enjin\x64\debug\enjin.ilk
c:\users\k020j1172\desktop\就職作品用ゲーム\intelligenceshooting\enjin\x64\debug\enjin.exe
c:\users\k020j1172\desktop\就職作品用ゲーム\intelligenceshooting\enjin\x64\debug\enjin.pdb
c:\users\k020j1172\desktop\就職作品用ゲーム\intelligenceshooting\enjin\x64\debug\enjin.tlog\cl.command.1.tlog
c:\users\k020j1172\desktop\就職作品用ゲーム\intelligenceshooting\enjin\x64\debug\enjin.tlog\cl.read.1.tlog
c:\users\k020j1172\desktop\就職作品用ゲーム\intelligenceshooting\enjin\x64\debug\enjin.tlog\cl.write.1.tlog
c:\users\k020j1172\desktop\就職作品用ゲーム\intelligenceshooting\enjin\x64\debug\enjin.tlog\fxc.command.1.tlog
c:\users\k020j1172\desktop\就職作品用ゲーム\intelligenceshooting\enjin\x64\debug\enjin.tlog\fxc.read.1.tlog
c:\users\k020j1172\desktop\就職作品用ゲーム\intelligenceshooting\enjin\x64\debug\enjin.tlog\fxc.write.1.tlog
c:\users\k020j1172\desktop\就職作品用ゲーム\intelligenceshooting\enjin\x64\debug\enjin.tlog\link.command.1.tlog
c:\users\k020j1172\desktop\就職作品用ゲーム\intelligenceshooting\enjin\x64\debug\enjin.tlog\link.read.1.tlog
c:\users\k020j1172\desktop\就職作品用ゲーム\intelligenceshooting\enjin\x64\debug\enjin.tlog\link.write.1.tlog
